{"C:\\html\\JavaScript\\Backend\\batch4\\src\\app.js": {"path":"C:\\html\\JavaScript\\Backend\\batch4\\src\\app.js","statementMap":{"0":{"start":{"line":1,"column":16},"end":{"line":1,"column":34}},"1":{"start":{"line":2,"column":19},"end":{"line":2,"column":41}},"2":{"start":{"line":3,"column":19},"end":{"line":3,"column":47}},"3":{"start":{"line":4,"column":19},"end":{"line":4,"column":47}},"4":{"start":{"line":7,"column":12},"end":{"line":7,"column":21}},"5":{"start":{"line":8,"column":13},"end":{"line":8,"column":17}},"6":{"start":{"line":11,"column":0},"end":{"line":11,"column":27}},"7":{"start":{"line":14,"column":0},"end":{"line":14,"column":30}},"8":{"start":{"line":15,"column":0},"end":{"line":15,"column":30}},"9":{"start":{"line":18,"column":0},"end":{"line":20,"column":3}},"10":{"start":{"line":19,"column":4},"end":{"line":19,"column":65}},"11":{"start":{"line":21,"column":1},"end":{"line":21,"column":22}}},"fnMap":{"0":{"name":"(anonymous_0)","decl":{"start":{"line":18,"column":17},"end":{"line":18,"column":18}},"loc":{"start":{"line":18,"column":23},"end":{"line":20,"column":1}},"line":18}},"branchMap":{},"s":{"0":3,"1":3,"2":3,"3":3,"4":3,"5":3,"6":3,"7":3,"8":3,"9":3,"10":3,"11":3},"f":{"0":3},"b":{},"_coverageSchema":"1a1c01bbd47fc00a2c39e90264f33305004495a9","hash":"9943afc6de73ea72a74ea83cd3d00065b32e7ad3"}
,"C:\\html\\JavaScript\\Backend\\batch4\\src\\Route\\UserRoute.js": {"path":"C:\\html\\JavaScript\\Backend\\batch4\\src\\Route\\UserRoute.js","statementMap":{"0":{"start":{"line":1,"column":16},"end":{"line":1,"column":34}},"1":{"start":{"line":2,"column":15},"end":{"line":2,"column":31}},"2":{"start":{"line":3,"column":19},"end":{"line":3,"column":40}},"3":{"start":{"line":3,"column":27},"end":{"line":3,"column":38}},"4":{"start":{"line":8,"column":12},"end":{"line":8,"column":14}},"5":{"start":{"line":11,"column":21},"end":{"line":17,"column":1}},"6":{"start":{"line":12,"column":4},"end":{"line":16,"column":7}},"7":{"start":{"line":20,"column":0},"end":{"line":36,"column":3}},"8":{"start":{"line":21,"column":33},"end":{"line":21,"column":41}},"9":{"start":{"line":23,"column":4},"end":{"line":25,"column":5}},"10":{"start":{"line":24,"column":8},"end":{"line":24,"column":75}},"11":{"start":{"line":27,"column":17},"end":{"line":32,"column":5}},"12":{"start":{"line":34,"column":4},"end":{"line":34,"column":21}},"13":{"start":{"line":35,"column":4},"end":{"line":35,"column":69}},"14":{"start":{"line":39,"column":0},"end":{"line":41,"column":3}},"15":{"start":{"line":40,"column":4},"end":{"line":40,"column":73}},"16":{"start":{"line":44,"column":0},"end":{"line":52,"column":3}},"17":{"start":{"line":45,"column":17},"end":{"line":45,"column":68}},"18":{"start":{"line":45,"column":35},"end":{"line":45,"column":67}},"19":{"start":{"line":47,"column":4},"end":{"line":49,"column":5}},"20":{"start":{"line":48,"column":8},"end":{"line":48,"column":56}},"21":{"start":{"line":51,"column":4},"end":{"line":51,"column":71}},"22":{"start":{"line":55,"column":0},"end":{"line":68,"column":3}},"23":{"start":{"line":56,"column":33},"end":{"line":56,"column":41}},"24":{"start":{"line":57,"column":17},"end":{"line":57,"column":68}},"25":{"start":{"line":57,"column":35},"end":{"line":57,"column":67}},"26":{"start":{"line":59,"column":4},"end":{"line":61,"column":5}},"27":{"start":{"line":60,"column":8},"end":{"line":60,"column":56}},"28":{"start":{"line":63,"column":4},"end":{"line":63,"column":31}},"29":{"start":{"line":63,"column":14},"end":{"line":63,"column":31}},"30":{"start":{"line":64,"column":4},"end":{"line":64,"column":34}},"31":{"start":{"line":64,"column":15},"end":{"line":64,"column":34}},"32":{"start":{"line":65,"column":4},"end":{"line":65,"column":28}},"33":{"start":{"line":65,"column":13},"end":{"line":65,"column":28}},"34":{"start":{"line":67,"column":4},"end":{"line":67,"column":69}},"35":{"start":{"line":71,"column":0},"end":{"line":80,"column":3}},"36":{"start":{"line":72,"column":22},"end":{"line":72,"column":78}},"37":{"start":{"line":72,"column":45},"end":{"line":72,"column":77}},"38":{"start":{"line":74,"column":4},"end":{"line":76,"column":5}},"39":{"start":{"line":75,"column":8},"end":{"line":75,"column":56}},"40":{"start":{"line":78,"column":4},"end":{"line":78,"column":31}},"41":{"start":{"line":79,"column":4},"end":{"line":79,"column":63}},"42":{"start":{"line":83,"column":0},"end":{"line":83,"column":24}},"43":{"start":{"line":84,"column":0},"end":{"line":84,"column":41}}},"fnMap":{"0":{"name":"(anonymous_0)","decl":{"start":{"line":3,"column":19},"end":{"line":3,"column":20}},"loc":{"start":{"line":3,"column":25},"end":{"line":3,"column":40}},"line":3},"1":{"name":"(anonymous_1)","decl":{"start":{"line":11,"column":21},"end":{"line":11,"column":22}},"loc":{"start":{"line":11,"column":64},"end":{"line":17,"column":1}},"line":11},"2":{"name":"(anonymous_2)","decl":{"start":{"line":20,"column":17},"end":{"line":20,"column":18}},"loc":{"start":{"line":20,"column":31},"end":{"line":36,"column":1}},"line":20},"3":{"name":"(anonymous_3)","decl":{"start":{"line":39,"column":16},"end":{"line":39,"column":17}},"loc":{"start":{"line":39,"column":30},"end":{"line":41,"column":1}},"line":39},"4":{"name":"(anonymous_4)","decl":{"start":{"line":44,"column":19},"end":{"line":44,"column":20}},"loc":{"start":{"line":44,"column":33},"end":{"line":52,"column":1}},"line":44},"5":{"name":"(anonymous_5)","decl":{"start":{"line":45,"column":28},"end":{"line":45,"column":29}},"loc":{"start":{"line":45,"column":35},"end":{"line":45,"column":67}},"line":45},"6":{"name":"(anonymous_6)","decl":{"start":{"line":55,"column":19},"end":{"line":55,"column":20}},"loc":{"start":{"line":55,"column":33},"end":{"line":68,"column":1}},"line":55},"7":{"name":"(anonymous_7)","decl":{"start":{"line":57,"column":28},"end":{"line":57,"column":29}},"loc":{"start":{"line":57,"column":35},"end":{"line":57,"column":67}},"line":57},"8":{"name":"(anonymous_8)","decl":{"start":{"line":71,"column":22},"end":{"line":71,"column":23}},"loc":{"start":{"line":71,"column":36},"end":{"line":80,"column":1}},"line":71},"9":{"name":"(anonymous_9)","decl":{"start":{"line":72,"column":38},"end":{"line":72,"column":39}},"loc":{"start":{"line":72,"column":45},"end":{"line":72,"column":77}},"line":72}},"branchMap":{"0":{"loc":{"start":{"line":11,"column":48},"end":{"line":11,"column":59}},"type":"default-arg","locations":[{"start":{"line":11,"column":55},"end":{"line":11,"column":59}}],"line":11},"1":{"loc":{"start":{"line":23,"column":4},"end":{"line":25,"column":5}},"type":"if","locations":[{"start":{"line":23,"column":4},"end":{"line":25,"column":5}},{"start":{},"end":{}}],"line":23},"2":{"loc":{"start":{"line":23,"column":8},"end":{"line":23,"column":31}},"type":"binary-expr","locations":[{"start":{"line":23,"column":8},"end":{"line":23,"column":13}},{"start":{"line":23,"column":17},"end":{"line":23,"column":23}},{"start":{"line":23,"column":27},"end":{"line":23,"column":31}}],"line":23},"3":{"loc":{"start":{"line":47,"column":4},"end":{"line":49,"column":5}},"type":"if","locations":[{"start":{"line":47,"column":4},"end":{"line":49,"column":5}},{"start":{},"end":{}}],"line":47},"4":{"loc":{"start":{"line":59,"column":4},"end":{"line":61,"column":5}},"type":"if","locations":[{"start":{"line":59,"column":4},"end":{"line":61,"column":5}},{"start":{},"end":{}}],"line":59},"5":{"loc":{"start":{"line":63,"column":4},"end":{"line":63,"column":31}},"type":"if","locations":[{"start":{"line":63,"column":4},"end":{"line":63,"column":31}},{"start":{},"end":{}}],"line":63},"6":{"loc":{"start":{"line":64,"column":4},"end":{"line":64,"column":34}},"type":"if","locations":[{"start":{"line":64,"column":4},"end":{"line":64,"column":34}},{"start":{},"end":{}}],"line":64},"7":{"loc":{"start":{"line":65,"column":4},"end":{"line":65,"column":28}},"type":"if","locations":[{"start":{"line":65,"column":4},"end":{"line":65,"column":28}},{"start":{},"end":{}}],"line":65},"8":{"loc":{"start":{"line":74,"column":4},"end":{"line":76,"column":5}},"type":"if","locations":[{"start":{"line":74,"column":4},"end":{"line":76,"column":5}},{"start":{},"end":{}}],"line":74}},"s":{"0":3,"1":3,"2":3,"3":10,"4":3,"5":3,"6":23,"7":3,"8":12,"9":12,"10":3,"11":9,"12":9,"13":9,"14":3,"15":2,"16":3,"17":3,"18":5,"19":3,"20":1,"21":2,"22":3,"23":3,"24":3,"25":7,"26":3,"27":1,"28":2,"29":2,"30":2,"31":1,"32":2,"33":1,"34":2,"35":3,"36":3,"37":8,"38":3,"39":1,"40":2,"41":2,"42":3,"43":3},"f":{"0":10,"1":23,"2":12,"3":2,"4":3,"5":5,"6":3,"7":7,"8":3,"9":8},"b":{"0":[8],"1":[3,9],"2":[12,11,10],"3":[1,2],"4":[1,2],"5":[2,0],"6":[1,1],"7":[1,1],"8":[1,2]},"_coverageSchema":"1a1c01bbd47fc00a2c39e90264f33305004495a9","hash":"c094a1ebd540bd72100d225e010c195f63b1b3f6"}
,"C:\\html\\JavaScript\\Backend\\batch4\\src\\Route\\postRoute.js": {"path":"C:\\html\\JavaScript\\Backend\\batch4\\src\\Route\\postRoute.js","statementMap":{"0":{"start":{"line":1,"column":16},"end":{"line":1,"column":34}},"1":{"start":{"line":2,"column":15},"end":{"line":2,"column":31}},"2":{"start":{"line":3,"column":19},"end":{"line":3,"column":40}},"3":{"start":{"line":3,"column":27},"end":{"line":3,"column":38}},"4":{"start":{"line":5,"column":12},"end":{"line":5,"column":14}},"5":{"start":{"line":6,"column":21},"end":{"line":12,"column":1}},"6":{"start":{"line":7,"column":4},"end":{"line":11,"column":7}},"7":{"start":{"line":15,"column":0},"end":{"line":32,"column":3}},"8":{"start":{"line":16,"column":39},"end":{"line":16,"column":47}},"9":{"start":{"line":18,"column":4},"end":{"line":20,"column":5}},"10":{"start":{"line":19,"column":8},"end":{"line":19,"column":81}},"11":{"start":{"line":22,"column":17},"end":{"line":28,"column":5}},"12":{"start":{"line":30,"column":4},"end":{"line":30,"column":21}},"13":{"start":{"line":31,"column":4},"end":{"line":31,"column":69}},"14":{"start":{"line":35,"column":0},"end":{"line":37,"column":3}},"15":{"start":{"line":36,"column":4},"end":{"line":36,"column":73}},"16":{"start":{"line":40,"column":0},"end":{"line":51,"column":3}},"17":{"start":{"line":41,"column":17},"end":{"line":41,"column":68}},"18":{"start":{"line":41,"column":35},"end":{"line":41,"column":67}},"19":{"start":{"line":43,"column":4},"end":{"line":45,"column":5}},"20":{"start":{"line":44,"column":8},"end":{"line":44,"column":56}},"21":{"start":{"line":47,"column":4},"end":{"line":47,"column":71}},"22":{"start":{"line":54,"column":0},"end":{"line":68,"column":3}},"23":{"start":{"line":55,"column":39},"end":{"line":55,"column":47}},"24":{"start":{"line":56,"column":17},"end":{"line":56,"column":68}},"25":{"start":{"line":56,"column":35},"end":{"line":56,"column":67}},"26":{"start":{"line":59,"column":4},"end":{"line":61,"column":5}},"27":{"start":{"line":60,"column":8},"end":{"line":60,"column":56}},"28":{"start":{"line":63,"column":4},"end":{"line":63,"column":34}},"29":{"start":{"line":63,"column":15},"end":{"line":63,"column":34}},"30":{"start":{"line":64,"column":4},"end":{"line":64,"column":40}},"31":{"start":{"line":64,"column":17},"end":{"line":64,"column":40}},"32":{"start":{"line":65,"column":4},"end":{"line":65,"column":37}},"33":{"start":{"line":65,"column":16},"end":{"line":65,"column":37}},"34":{"start":{"line":67,"column":4},"end":{"line":67,"column":69}},"35":{"start":{"line":71,"column":0},"end":{"line":80,"column":3}},"36":{"start":{"line":72,"column":22},"end":{"line":72,"column":78}},"37":{"start":{"line":72,"column":45},"end":{"line":72,"column":77}},"38":{"start":{"line":74,"column":4},"end":{"line":76,"column":5}},"39":{"start":{"line":75,"column":8},"end":{"line":75,"column":56}},"40":{"start":{"line":78,"column":4},"end":{"line":78,"column":31}},"41":{"start":{"line":79,"column":4},"end":{"line":79,"column":73}},"42":{"start":{"line":84,"column":0},"end":{"line":84,"column":24}},"43":{"start":{"line":85,"column":0},"end":{"line":85,"column":41}}},"fnMap":{"0":{"name":"(anonymous_0)","decl":{"start":{"line":3,"column":19},"end":{"line":3,"column":20}},"loc":{"start":{"line":3,"column":25},"end":{"line":3,"column":40}},"line":3},"1":{"name":"(anonymous_1)","decl":{"start":{"line":6,"column":21},"end":{"line":6,"column":22}},"loc":{"start":{"line":6,"column":64},"end":{"line":12,"column":1}},"line":6},"2":{"name":"(anonymous_2)","decl":{"start":{"line":15,"column":17},"end":{"line":15,"column":18}},"loc":{"start":{"line":15,"column":31},"end":{"line":32,"column":1}},"line":15},"3":{"name":"(anonymous_3)","decl":{"start":{"line":35,"column":16},"end":{"line":35,"column":17}},"loc":{"start":{"line":35,"column":30},"end":{"line":37,"column":1}},"line":35},"4":{"name":"(anonymous_4)","decl":{"start":{"line":40,"column":19},"end":{"line":40,"column":20}},"loc":{"start":{"line":40,"column":33},"end":{"line":51,"column":1}},"line":40},"5":{"name":"(anonymous_5)","decl":{"start":{"line":41,"column":28},"end":{"line":41,"column":29}},"loc":{"start":{"line":41,"column":35},"end":{"line":41,"column":67}},"line":41},"6":{"name":"(anonymous_6)","decl":{"start":{"line":54,"column":19},"end":{"line":54,"column":20}},"loc":{"start":{"line":54,"column":33},"end":{"line":68,"column":1}},"line":54},"7":{"name":"(anonymous_7)","decl":{"start":{"line":56,"column":28},"end":{"line":56,"column":29}},"loc":{"start":{"line":56,"column":35},"end":{"line":56,"column":67}},"line":56},"8":{"name":"(anonymous_8)","decl":{"start":{"line":71,"column":22},"end":{"line":71,"column":23}},"loc":{"start":{"line":71,"column":36},"end":{"line":80,"column":1}},"line":71},"9":{"name":"(anonymous_9)","decl":{"start":{"line":72,"column":38},"end":{"line":72,"column":39}},"loc":{"start":{"line":72,"column":45},"end":{"line":72,"column":77}},"line":72}},"branchMap":{"0":{"loc":{"start":{"line":6,"column":48},"end":{"line":6,"column":59}},"type":"default-arg","locations":[{"start":{"line":6,"column":55},"end":{"line":6,"column":59}}],"line":6},"1":{"loc":{"start":{"line":18,"column":4},"end":{"line":20,"column":5}},"type":"if","locations":[{"start":{"line":18,"column":4},"end":{"line":20,"column":5}},{"start":{},"end":{}}],"line":18},"2":{"loc":{"start":{"line":18,"column":8},"end":{"line":18,"column":37}},"type":"binary-expr","locations":[{"start":{"line":18,"column":8},"end":{"line":18,"column":14}},{"start":{"line":18,"column":18},"end":{"line":18,"column":26}},{"start":{"line":18,"column":30},"end":{"line":18,"column":37}}],"line":18},"3":{"loc":{"start":{"line":43,"column":4},"end":{"line":45,"column":5}},"type":"if","locations":[{"start":{"line":43,"column":4},"end":{"line":45,"column":5}},{"start":{},"end":{}}],"line":43},"4":{"loc":{"start":{"line":59,"column":4},"end":{"line":61,"column":5}},"type":"if","locations":[{"start":{"line":59,"column":4},"end":{"line":61,"column":5}},{"start":{},"end":{}}],"line":59},"5":{"loc":{"start":{"line":63,"column":4},"end":{"line":63,"column":34}},"type":"if","locations":[{"start":{"line":63,"column":4},"end":{"line":63,"column":34}},{"start":{},"end":{}}],"line":63},"6":{"loc":{"start":{"line":64,"column":4},"end":{"line":64,"column":40}},"type":"if","locations":[{"start":{"line":64,"column":4},"end":{"line":64,"column":40}},{"start":{},"end":{}}],"line":64},"7":{"loc":{"start":{"line":65,"column":4},"end":{"line":65,"column":37}},"type":"if","locations":[{"start":{"line":65,"column":4},"end":{"line":65,"column":37}},{"start":{},"end":{}}],"line":65},"8":{"loc":{"start":{"line":74,"column":4},"end":{"line":76,"column":5}},"type":"if","locations":[{"start":{"line":74,"column":4},"end":{"line":76,"column":5}},{"start":{},"end":{}}],"line":74}},"s":{"0":3,"1":3,"2":3,"3":10,"4":3,"5":3,"6":23,"7":3,"8":12,"9":12,"10":3,"11":9,"12":9,"13":9,"14":3,"15":2,"16":3,"17":3,"18":5,"19":3,"20":1,"21":2,"22":3,"23":3,"24":3,"25":7,"26":3,"27":1,"28":2,"29":2,"30":2,"31":1,"32":2,"33":1,"34":2,"35":3,"36":3,"37":8,"38":3,"39":1,"40":2,"41":2,"42":3,"43":3},"f":{"0":10,"1":23,"2":12,"3":2,"4":3,"5":5,"6":3,"7":7,"8":3,"9":8},"b":{"0":[6],"1":[3,9],"2":[12,11,10],"3":[1,2],"4":[1,2],"5":[2,0],"6":[1,1],"7":[1,1],"8":[1,2]},"_coverageSchema":"1a1c01bbd47fc00a2c39e90264f33305004495a9","hash":"524ae3bea01ecd4d456013e3f313ae4bc93a6557"}
}
