TN:
SF:src\app.js
FN:18,(anonymous_0)
FNF:1
FNH:1
FNDA:3,(anonymous_0)
DA:1,3
DA:2,3
DA:3,3
DA:4,3
DA:7,3
DA:8,3
DA:11,3
DA:14,3
DA:15,3
DA:18,3
DA:19,3
DA:21,3
LF:12
LH:12
BRF:0
BRH:0
end_of_record
TN:
SF:src\Route\UserRoute.js
FN:3,(anonymous_0)
FN:11,(anonymous_1)
FN:20,(anonymous_2)
FN:39,(anonymous_3)
FN:44,(anonymous_4)
FN:45,(anonymous_5)
FN:55,(anonymous_6)
FN:57,(anonymous_7)
FN:71,(anonymous_8)
FN:72,(anonymous_9)
FNF:10
FNH:10
FNDA:10,(anonymous_0)
FNDA:23,(anonymous_1)
FNDA:12,(anonymous_2)
FNDA:2,(anonymous_3)
FNDA:3,(anonymous_4)
FNDA:5,(anonymous_5)
FNDA:3,(anonymous_6)
FNDA:7,(anonymous_7)
FNDA:3,(anonymous_8)
FNDA:8,(anonymous_9)
DA:1,3
DA:2,3
DA:3,10
DA:8,3
DA:11,3
DA:12,23
DA:20,3
DA:21,12
DA:23,12
DA:24,3
DA:27,9
DA:34,9
DA:35,9
DA:39,3
DA:40,2
DA:44,3
DA:45,5
DA:47,3
DA:48,1
DA:51,2
DA:55,3
DA:56,3
DA:57,7
DA:59,3
DA:60,1
DA:63,2
DA:64,2
DA:65,2
DA:67,2
DA:71,3
DA:72,8
DA:74,3
DA:75,1
DA:78,2
DA:79,2
DA:83,3
DA:84,3
LF:37
LH:37
BRDA:11,0,0,8
BRDA:23,1,0,3
BRDA:23,1,1,9
BRDA:23,2,0,12
BRDA:23,2,1,11
BRDA:23,2,2,10
BRDA:47,3,0,1
BRDA:47,3,1,2
BRDA:59,4,0,1
BRDA:59,4,1,2
BRDA:63,5,0,2
BRDA:63,5,1,0
BRDA:64,6,0,1
BRDA:64,6,1,1
BRDA:65,7,0,1
BRDA:65,7,1,1
BRDA:74,8,0,1
BRDA:74,8,1,2
BRF:18
BRH:17
end_of_record
TN:
SF:src\Route\postRoute.js
FN:3,(anonymous_0)
FN:6,(anonymous_1)
FN:15,(anonymous_2)
FN:35,(anonymous_3)
FN:40,(anonymous_4)
FN:41,(anonymous_5)
FN:54,(anonymous_6)
FN:56,(anonymous_7)
FN:71,(anonymous_8)
FN:72,(anonymous_9)
FNF:10
FNH:10
FNDA:10,(anonymous_0)
FNDA:23,(anonymous_1)
FNDA:12,(anonymous_2)
FNDA:2,(anonymous_3)
FNDA:3,(anonymous_4)
FNDA:5,(anonymous_5)
FNDA:3,(anonymous_6)
FNDA:7,(anonymous_7)
FNDA:3,(anonymous_8)
FNDA:8,(anonymous_9)
DA:1,3
DA:2,3
DA:3,10
DA:5,3
DA:6,3
DA:7,23
DA:15,3
DA:16,12
DA:18,12
DA:19,3
DA:22,9
DA:30,9
DA:31,9
DA:35,3
DA:36,2
DA:40,3
DA:41,5
DA:43,3
DA:44,1
DA:47,2
DA:54,3
DA:55,3
DA:56,7
DA:59,3
DA:60,1
DA:63,2
DA:64,2
DA:65,2
DA:67,2
DA:71,3
DA:72,8
DA:74,3
DA:75,1
DA:78,2
DA:79,2
DA:84,3
DA:85,3
LF:37
LH:37
BRDA:6,0,0,6
BRDA:18,1,0,3
BRDA:18,1,1,9
BRDA:18,2,0,12
BRDA:18,2,1,11
BRDA:18,2,2,10
BRDA:43,3,0,1
BRDA:43,3,1,2
BRDA:59,4,0,1
BRDA:59,4,1,2
BRDA:63,5,0,2
BRDA:63,5,1,0
BRDA:64,6,0,1
BRDA:64,6,1,1
BRDA:65,7,0,1
BRDA:65,7,1,1
BRDA:74,8,0,1
BRDA:74,8,1,2
BRF:18
BRH:17
end_of_record
